This is pdfTeX, Version 3.14159265-2.6-1.40.21 (TeX Live 2020) (preloaded format=latex 2021.2.15)  25 APR 2021 16:44
entering extended mode
 restricted \write18 enabled.
 %&-line parsing enabled.
**cas-refs.bib
(./cas-refs.bib
LaTeX2e <2020-10-01> patch level 4
L3 programming layer <2021-02-06>

! LaTeX Error: Missing \begin{document}.

See the LaTeX manual or LaTeX Companion for explanation.
Type  H <return>  for immediate help.
 ...                                              
                                                  
l.1 @
     article{wangzhan_1589,
? q
OK, entering \batchmode...
Missing character: There is no @ in font nullfont!
Missing character: There is no a in font nullfont!
Missing character: There is no r in font nullfont!
Missing character: There is no t in font nullfont!
Missing character: There is no i in font nullfont!
Missing character: There is no c in font nullfont!
Missing character: There is no l in font nullfont!
Missing character: There is no e in font nullfont!
Missing character: There is no w in font nullfont!
Missing character: There is no a in font nullfont!
Missing character: There is no n in font nullfont!
Missing character: There is no g in font nullfont!
Missing character: There is no z in font nullfont!
Missing character: There is no h in font nullfont!
Missing character: There is no a in font nullfont!
Missing character: There is no n in font nullfont!
! Missing $ inserted.
<inserted text> 
                $
l.1 @article{wangzhan_
                      1589,
I've inserted a begin-math/end-math symbol since I think
you left one out. Proceed, with fingers crossed.

LaTeX Font Info:    External font `cmex10' loaded for size
(Font)              <7> on input line 1.
LaTeX Font Info:    External font `cmex10' loaded for size
(Font)              <5> on input line 1.

! Package inputenc Error: Unicode character ç‹ (U+738B)
(inputenc)                not set up for use with LaTeX.

See the inputenc package documentation for explanation.
Type  H <return>  for immediate help.
 ...                                              
                                                  
l.2 author = {[ç‹
                  å±•, æœ±ç‰å¯]},
You may provide a definition with
\DeclareUnicodeCharacter 


! Package inputenc Error: Unicode character å±• (U+5C55)
(inputenc)                not set up for use with LaTeX.

See the inputenc package documentation for explanation.
Type  H <return>  for immediate help.
 ...                                              
                                                  
l.2 author = {[ç‹å±•
                     , æœ±ç‰å¯]},
You may provide a definition with
\DeclareUnicodeCharacter 


! Package inputenc Error: Unicode character æœ± (U+6731)
(inputenc)                not set up for use with LaTeX.

See the inputenc package documentation for explanation.
Type  H <return>  for immediate help.
 ...                                              
                                                  
l.2 author = {[ç‹å±•, æœ±
                          ç‰å¯]},
You may provide a definition with
\DeclareUnicodeCharacter 


! Package inputenc Error: Unicode character ç‰ (U+7389)
(inputenc)                not set up for use with LaTeX.

See the inputenc package documentation for explanation.
Type  H <return>  for immediate help.
 ...                                              
                                                  
l.2 author = {[ç‹å±•, æœ±ç‰
                             å¯]},
You may provide a definition with
\DeclareUnicodeCharacter 


! Package inputenc Error: Unicode character å¯ (U+53EF)
(inputenc)                not set up for use with LaTeX.

See the inputenc package documentation for explanation.
Type  H <return>  for immediate help.
 ...                                              
                                                  
l.2 author = {[ç‹å±•, æœ±ç‰å¯
                                ]},
You may provide a definition with
\DeclareUnicodeCharacter 


! Package inputenc Error: Unicode character é (U+975E)
(inputenc)                not set up for use with LaTeX.

See the inputenc package documentation for explanation.
Type  H <return>  for immediate help.
 ...                                              
                                                  
l.3 title = {é
                çº¿æ€§æµ·æ´‹å†…æ³¢çš„ç†è®ºã€æ¨¡å‹ä¸è®¡ç®—<sup>1)</sup>},
You may provide a definition with
\DeclareUnicodeCharacter 


! Package inputenc Error: Unicode character çº¿ (U+7EBF)
(inputenc)                not set up for use with LaTeX.

See the inputenc package documentation for explanation.
Type  H <return>  for immediate help.
 ...                                              
                                                  
l.3 title = {éçº¿
                   æ€§æµ·æ´‹å†…æ³¢çš„ç†è®ºã€æ¨¡å‹ä¸è®¡ç®—<sup>1)</sup>},
You may provide a definition with
\DeclareUnicodeCharacter 


! Package inputenc Error: Unicode character æ€§ (U+6027)
(inputenc)                not set up for use with LaTeX.

See the inputenc package documentation for explanation.
Type  H <return>  for immediate help.
 ...                                              
                                                  
l.3 title = {éçº¿æ€§
                      æµ·æ´‹å†…æ³¢çš„ç†è®ºã€æ¨¡å‹ä¸è®¡ç®—<sup>1)</sup>},
You may provide a definition with
\DeclareUnicodeCharacter 


! Package inputenc Error: Unicode character æµ· (U+6D77)
(inputenc)                not set up for use with LaTeX.

See the inputenc package documentation for explanation.
Type  H <return>  for immediate help.
 ...                                              
                                                  
l.3 title = {éçº¿æ€§æµ·
                         æ´‹å†…æ³¢çš„ç†è®ºã€æ¨¡å‹ä¸è®¡ç®—<sup>1)</sup>},
You may provide a definition with
\DeclareUnicodeCharacter 


! Package inputenc Error: Unicode character æ´‹ (U+6D0B)
(inputenc)                not set up for use with LaTeX.

See the inputenc package documentation for explanation.
Type  H <return>  for immediate help.
 ...                                              
                                                  
l.3 title = {éçº¿æ€§æµ·æ´‹
                            å†…æ³¢çš„ç†è®ºã€æ¨¡å‹ä¸è®¡ç®—<sup>1)</sup>},
You may provide a definition with
\DeclareUnicodeCharacter 


! Package inputenc Error: Unicode character å†… (U+5185)
(inputenc)                not set up for use with LaTeX.

See the inputenc package documentation for explanation.
Type  H <return>  for immediate help.
 ...                                              
                                                  
l.3 title = {éçº¿æ€§æµ·æ´‹å†…
                               æ³¢çš„ç†è®ºã€æ¨¡å‹ä¸è®¡ç®—<sup>1)</sup>},
You may provide a definition with
\DeclareUnicodeCharacter 


! Package inputenc Error: Unicode character æ³¢ (U+6CE2)
(inputenc)                not set up for use with LaTeX.

See the inputenc package documentation for explanation.
Type  H <return>  for immediate help.
 ...                                              
                                                  
l.3 title = {éçº¿æ€§æµ·æ´‹å†…æ³¢
                                  çš„ç†è®ºã€æ¨¡å‹ä¸è®¡ç®—<sup>1)</sup>},
You may provide a definition with
\DeclareUnicodeCharacter 


! Package inputenc Error: Unicode character çš„ (U+7684)
(inputenc)                not set up for use with LaTeX.

See the inputenc package documentation for explanation.
Type  H <return>  for immediate help.
 ...                                              
                                                  
l.3 title = {éçº¿æ€§æµ·æ´‹å†…æ³¢çš„
                                     ç†è®ºã€æ¨¡å‹ä¸è®¡ç®—<sup>1)</sup>},
You may provide a definition with
\DeclareUnicodeCharacter 


! Package inputenc Error: Unicode character ç† (U+7406)
(inputenc)                not set up for use with LaTeX.

See the inputenc package documentation for explanation.
Type  H <return>  for immediate help.
 ...                                              
                                                  
l.3 title = {éçº¿æ€§æµ·æ´‹å†…æ³¢çš„ç†
                                        è®ºã€æ¨¡å‹ä¸è®¡ç®—<sup>1)</sup>},
You may provide a definition with
\DeclareUnicodeCharacter 


! Package inputenc Error: Unicode character è®º (U+8BBA)
(inputenc)                not set up for use with LaTeX.

See the inputenc package documentation for explanation.
Type  H <return>  for immediate help.
 ...                                              
                                                  
l.3 title = {éçº¿æ€§æµ·æ´‹å†…æ³¢çš„ç†è®º
                                           ã€æ¨¡å‹ä¸è®¡ç®—<sup>1)</sup>},
You may provide a definition with
\DeclareUnicodeCharacter 


! Package inputenc Error: Unicode character ã€ (U+3001)
(inputenc)                not set up for use with LaTeX.

See the inputenc package documentation for explanation.
Type  H <return>  for immediate help.
 ...                                              
                                                  
l.3 title = {éçº¿æ€§æµ·æ´‹å†…æ³¢çš„ç†è®ºã€
                                              æ¨¡å‹ä¸è®¡ç®—<sup>1)</sup>},
You may provide a definition with
\DeclareUnicodeCharacter 


! Package inputenc Error: Unicode character æ¨¡ (U+6A21)
(inputenc)                not set up for use with LaTeX.

See the inputenc package documentation for explanation.
Type  H <return>  for immediate help.
 ...                                              
                                                  
l.3 title = {éçº¿æ€§æµ·æ´‹å†…æ³¢çš„ç†è®ºã€æ¨¡
                                                 å‹ä¸è®¡ç®—<sup>1)</sup>},
You may provide a definition with
\DeclareUnicodeCharacter 


! Package inputenc Error: Unicode character å‹ (U+578B)
(inputenc)                not set up for use with LaTeX.

See the inputenc package documentation for explanation.
Type  H <return>  for immediate help.
 ...                                              
                                                  
l.3 ... = {éçº¿æ€§æµ·æ´‹å†…æ³¢çš„ç†è®ºã€æ¨¡å‹
                                                  ä¸è®¡ç®—<sup>1)</sup>},
You may provide a definition with
\DeclareUnicodeCharacter 


! Package inputenc Error: Unicode character ä¸ (U+4E0E)
(inputenc)                not set up for use with LaTeX.

See the inputenc package documentation for explanation.
Type  H <return>  for immediate help.
 ...                                              
                                                  
l.3 ...{éçº¿æ€§æµ·æ´‹å†…æ³¢çš„ç†è®ºã€æ¨¡å‹ä¸
                                                  è®¡ç®—<sup>1)</sup>},
You may provide a definition with
\DeclareUnicodeCharacter 


! Package inputenc Error: Unicode character è®¡ (U+8BA1)
(inputenc)                not set up for use with LaTeX.

See the inputenc package documentation for explanation.
Type  H <return>  for immediate help.
 ...                                              
                                                  
l.3 ...çº¿æ€§æµ·æ´‹å†…æ³¢çš„ç†è®ºã€æ¨¡å‹ä¸è®¡
                                                  ç®—<sup>1)</sup>},
You may provide a definition with
\DeclareUnicodeCharacter 


! Package inputenc Error: Unicode character ç®— (U+7B97)
(inputenc)                not set up for use with LaTeX.

See the inputenc package documentation for explanation.
Type  H <return>  for immediate help.
 ...                                              
                                                  
l.3 ...¿æ€§æµ·æ´‹å†…æ³¢çš„ç†è®ºã€æ¨¡å‹ä¸è®¡ç®—
                                                  <sup>1)</sup>},
You may provide a definition with
\DeclareUnicodeCharacter 


! Package inputenc Error: Unicode character åŠ› (U+529B)
(inputenc)                not set up for use with LaTeX.

See the inputenc package documentation for explanation.
Type  H <return>  for immediate help.
 ...                                              
                                                  
l.4 publisher = {åŠ›
                    å­¦å­¦æŠ¥},
You may provide a definition with
\DeclareUnicodeCharacter 


! Package inputenc Error: Unicode character å­¦ (U+5B66)
(inputenc)                not set up for use with LaTeX.

See the inputenc package documentation for explanation.
Type  H <return>  for immediate help.
 ...                                              
                                                  
l.4 publisher = {åŠ›å­¦
                       å­¦æŠ¥},
You may provide a definition with
\DeclareUnicodeCharacter 


! Package inputenc Error: Unicode character å­¦ (U+5B66)
(inputenc)                not set up for use with LaTeX.

See the inputenc package documentation for explanation.
Type  H <return>  for immediate help.
 ...                                              
                                                  
l.4 publisher = {åŠ›å­¦å­¦
                          æŠ¥},
You may provide a definition with
\DeclareUnicodeCharacter 


! Package inputenc Error: Unicode character æŠ¥ (U+62A5)
(inputenc)                not set up for use with LaTeX.

See the inputenc package documentation for explanation.
Type  H <return>  for immediate help.
 ...                                              
                                                  
l.4 publisher = {åŠ›å­¦å­¦æŠ¥
                             },
You may provide a definition with
\DeclareUnicodeCharacter 


! Package inputenc Error: Unicode character åŠ› (U+529B)
(inputenc)                not set up for use with LaTeX.

See the inputenc package documentation for explanation.
Type  H <return>  for immediate help.
 ...                                              
                                                  
l.6 journal = {åŠ›
                  å­¦å­¦æŠ¥},
You may provide a definition with
\DeclareUnicodeCharacter 


! Package inputenc Error: Unicode character å­¦ (U+5B66)
(inputenc)                not set up for use with LaTeX.

See the inputenc package documentation for explanation.
Type  H <return>  for immediate help.
 ...                                              
                                                  
l.6 journal = {åŠ›å­¦
                     å­¦æŠ¥},
You may provide a definition with
\DeclareUnicodeCharacter 


! Package inputenc Error: Unicode character å­¦ (U+5B66)
(inputenc)                not set up for use with LaTeX.

See the inputenc package documentation for explanation.
Type  H <return>  for immediate help.
 ...                                              
                                                  
l.6 journal = {åŠ›å­¦å­¦
                        æŠ¥},
You may provide a definition with
\DeclareUnicodeCharacter 


! Package inputenc Error: Unicode character æŠ¥ (U+62A5)
(inputenc)                not set up for use with LaTeX.

See the inputenc package documentation for explanation.
Type  H <return>  for immediate help.
 ...                                              
                                                  
l.6 journal = {åŠ›å­¦å­¦æŠ¥
                           },
You may provide a definition with
\DeclareUnicodeCharacter 


! Package inputenc Error: Unicode character æµ· (U+6D77)
(inputenc)                not set up for use with LaTeX.

See the inputenc package documentation for explanation.
Type  H <return>  for immediate help.
 ...                                              
                                                  
l.11 keywords = {;æµ·
                     æ´‹å†…æ³¢;é—´æ–­åˆ†å±‚æ¨¡å‹;è¿ç»­åˆ†å±‚æ¨¡å‹;éçº¿æ...

You may provide a definition with
\DeclareUnicodeCharacter 


! Package inputenc Error: Unicode character æ´‹ (U+6D0B)
(inputenc)                not set up for use with LaTeX.

See the inputenc package documentation for explanation.
Type  H <return>  for immediate help.
 ...                                              
                                                  
l.11 keywords = {;æµ·æ´‹
                        å†…æ³¢;é—´æ–­åˆ†å±‚æ¨¡å‹;è¿ç»­åˆ†å±‚æ¨¡å‹;éçº¿æ...

You may provide a definition with
\DeclareUnicodeCharacter 


! Package inputenc Error: Unicode character å†… (U+5185)
(inputenc)                not set up for use with LaTeX.

See the inputenc package documentation for explanation.
Type  H <return>  for immediate help.
 ...                                              
                                                  
l.11 keywords = {;æµ·æ´‹å†…
                           æ³¢;é—´æ–­åˆ†å±‚æ¨¡å‹;è¿ç»­åˆ†å±‚æ¨¡å‹;éçº¿æ...

You may provide a definition with
\DeclareUnicodeCharacter 


! Package inputenc Error: Unicode character æ³¢ (U+6CE2)
(inputenc)                not set up for use with LaTeX.

See the inputenc package documentation for explanation.
Type  H <return>  for immediate help.
 ...                                              
                                                  
l.11 keywords = {;æµ·æ´‹å†…æ³¢
                              ;é—´æ–­åˆ†å±‚æ¨¡å‹;è¿ç»­åˆ†å±‚æ¨¡å‹;éçº¿æ...

You may provide a definition with
\DeclareUnicodeCharacter 


! Package inputenc Error: Unicode character é—´ (U+95F4)
(inputenc)                not set up for use with LaTeX.

See the inputenc package documentation for explanation.
Type  H <return>  for immediate help.
 ...                                              
                                                  
l.11 keywords = {;æµ·æ´‹å†…æ³¢;é—´
                                  æ–­åˆ†å±‚æ¨¡å‹;è¿ç»­åˆ†å±‚æ¨¡å‹;éçº¿æ...

You may provide a definition with
\DeclareUnicodeCharacter 


! Package inputenc Error: Unicode character æ–­ (U+65AD)
(inputenc)                not set up for use with LaTeX.

See the inputenc package documentation for explanation.
Type  H <return>  for immediate help.
 ...                                              
                                                  
l.11 keywords = {;æµ·æ´‹å†…æ³¢;é—´æ–­
                                     åˆ†å±‚æ¨¡å‹;è¿ç»­åˆ†å±‚æ¨¡å‹;éçº¿æ...

You may provide a definition with
\DeclareUnicodeCharacter 


! Package inputenc Error: Unicode character åˆ† (U+5206)
(inputenc)                not set up for use with LaTeX.

See the inputenc package documentation for explanation.
Type  H <return>  for immediate help.
 ...                                              
                                                  
l.11 keywords = {;æµ·æ´‹å†…æ³¢;é—´æ–­åˆ†
                                        å±‚æ¨¡å‹;è¿ç»­åˆ†å±‚æ¨¡å‹;éçº¿æ...

You may provide a definition with
\DeclareUnicodeCharacter 


! Package inputenc Error: Unicode character å±‚ (U+5C42)
(inputenc)                not set up for use with LaTeX.

See the inputenc package documentation for explanation.
Type  H <return>  for immediate help.
 ...                                              
                                                  
l.11 keywords = {;æµ·æ´‹å†…æ³¢;é—´æ–­åˆ†å±‚
                                           æ¨¡å‹;è¿ç»­åˆ†å±‚æ¨¡å‹;éçº¿æ...

You may provide a definition with
\DeclareUnicodeCharacter 


! Package inputenc Error: Unicode character æ¨¡ (U+6A21)
(inputenc)                not set up for use with LaTeX.

See the inputenc package documentation for explanation.
Type  H <return>  for immediate help.
 ...                                              
                                                  
l.11 keywords = {;æµ·æ´‹å†…æ³¢;é—´æ–­åˆ†å±‚æ¨¡
                                              å‹;è¿ç»­åˆ†å±‚æ¨¡å‹;éçº¿æ...

You may provide a definition with
\DeclareUnicodeCharacter 


! Package inputenc Error: Unicode character å‹ (U+578B)
(inputenc)                not set up for use with LaTeX.

See the inputenc package documentation for explanation.
Type  H <return>  for immediate help.
 ...                                              
                                                  
l.11 keywords = {;æµ·æ´‹å†…æ³¢;é—´æ–­åˆ†å±‚æ¨¡å‹
                                                 ;è¿ç»­åˆ†å±‚æ¨¡å‹;éçº¿æ...

You may provide a definition with
\DeclareUnicodeCharacter 


! Package inputenc Error: Unicode character è¿ (U+8FDE)
(inputenc)                not set up for use with LaTeX.

See the inputenc package documentation for explanation.
Type  H <return>  for immediate help.
 ...                                              
                                                  
l.11 ...ds = {;æµ·æ´‹å†…æ³¢;é—´æ–­åˆ†å±‚æ¨¡å‹;è¿
                                                  ç»­åˆ†å±‚æ¨¡å‹;éçº¿æ€§æ...

You may provide a definition with
\DeclareUnicodeCharacter 


! Package inputenc Error: Unicode character ç»­ (U+7EED)
(inputenc)                not set up for use with LaTeX.

See the inputenc package documentation for explanation.
Type  H <return>  for immediate help.
 ...                                              
                                                  
l.11 ...= {;æµ·æ´‹å†…æ³¢;é—´æ–­åˆ†å±‚æ¨¡å‹;è¿ç»­
                                                  åˆ†å±‚æ¨¡å‹;éçº¿æ€§æ³¢;...

You may provide a definition with
\DeclareUnicodeCharacter 


! Package inputenc Error: Unicode character åˆ† (U+5206)
(inputenc)                not set up for use with LaTeX.

See the inputenc package documentation for explanation.
Type  H <return>  for immediate help.
 ...                                              
                                                  
l.11 ...;æµ·æ´‹å†…æ³¢;é—´æ–­åˆ†å±‚æ¨¡å‹;è¿ç»­åˆ†
                                                  å±‚æ¨¡å‹;éçº¿æ€§æ³¢;è¾¹...

You may provide a definition with
\DeclareUnicodeCharacter 


! Package inputenc Error: Unicode character å±‚ (U+5C42)
(inputenc)                not set up for use with LaTeX.

See the inputenc package documentation for explanation.
Type  H <return>  for immediate help.
 ...                                              
                                                  
l.11 ...·æ´‹å†…æ³¢;é—´æ–­åˆ†å±‚æ¨¡å‹;è¿ç»­åˆ†å±‚
                                                  æ¨¡å‹;éçº¿æ€§æ³¢;è¾¹ç•Œ...

You may provide a definition with
\DeclareUnicodeCharacter 


! Package inputenc Error: Unicode character æ¨¡ (U+6A21)
(inputenc)                not set up for use with LaTeX.

See the inputenc package documentation for explanation.
Type  H <return>  for immediate help.
 ...                                              
                                                  
l.11 ...‹å†…æ³¢;é—´æ–­åˆ†å±‚æ¨¡å‹;è¿ç»­åˆ†å±‚æ¨¡
                                                  å‹;éçº¿æ€§æ³¢;è¾¹ç•Œç§¯...

You may provide a definition with
\DeclareUnicodeCharacter 


! Package inputenc Error: Unicode character å‹ (U+578B)
(inputenc)                not set up for use with LaTeX.

See the inputenc package documentation for explanation.
Type  H <return>  for immediate help.
 ...                                              
                                                  
l.11 ...…æ³¢;é—´æ–­åˆ†å±‚æ¨¡å‹;è¿ç»­åˆ†å±‚æ¨¡å‹
                                                  ;éçº¿æ€§æ³¢;è¾¹ç•Œç§¯åˆ†...

You may provide a definition with
\DeclareUnicodeCharacter 


! Package inputenc Error: Unicode character é (U+975E)
(inputenc)                not set up for use with LaTeX.

See the inputenc package documentation for explanation.
Type  H <return>  for immediate help.
 ...                                              
                                                  
l.11 ...;é—´æ–­åˆ†å±‚æ¨¡å‹;è¿ç»­åˆ†å±‚æ¨¡å‹;é
                                                  çº¿æ€§æ³¢;è¾¹ç•Œç§¯åˆ†æ³•;...

You may provide a definition with
\DeclareUnicodeCharacter 


! Package inputenc Error: Unicode character çº¿ (U+7EBF)
(inputenc)                not set up for use with LaTeX.

See the inputenc package documentation for explanation.
Type  H <return>  for immediate help.
 ...                                              
                                                  
l.11 ...´æ–­åˆ†å±‚æ¨¡å‹;è¿ç»­åˆ†å±‚æ¨¡å‹;éçº¿
                                                  æ€§æ³¢;è¾¹ç•Œç§¯åˆ†æ³•;Bou...

You may provide a definition with
\DeclareUnicodeCharacter 


! Package inputenc Error: Unicode character æ€§ (U+6027)
(inputenc)                not set up for use with LaTeX.

See the inputenc package documentation for explanation.
Type  H <return>  for immediate help.
 ...                                              
                                                  
l.11 ...­åˆ†å±‚æ¨¡å‹;è¿ç»­åˆ†å±‚æ¨¡å‹;éçº¿æ€§
                                                  æ³¢;è¾¹ç•Œç§¯åˆ†æ³•;Boussi...

You may provide a definition with
\DeclareUnicodeCharacter 


! Package inputenc Error: Unicode character æ³¢ (U+6CE2)
(inputenc)                not set up for use with LaTeX.

See the inputenc package documentation for explanation.
Type  H <return>  for immediate help.
 ...                                              
                                                  
l.11 ...†å±‚æ¨¡å‹;è¿ç»­åˆ†å±‚æ¨¡å‹;éçº¿æ€§æ³¢
                                                  ;è¾¹ç•Œç§¯åˆ†æ³•;Boussines...

You may provide a definition with
\DeclareUnicodeCharacter 


! Package inputenc Error: Unicode character è¾¹ (U+8FB9)
(inputenc)                not set up for use with LaTeX.

See the inputenc package documentation for explanation.
Type  H <return>  for immediate help.
 ...                                              
                                                  
l.11 ...æ¨¡å‹;è¿ç»­åˆ†å±‚æ¨¡å‹;éçº¿æ€§æ³¢;è¾¹
                                                  ç•Œç§¯åˆ†æ³•;Boussinesqæ–¹...

You may provide a definition with
\DeclareUnicodeCharacter 


! Package inputenc Error: Unicode character ç•Œ (U+754C)
(inputenc)                not set up for use with LaTeX.

See the inputenc package documentation for explanation.
Type  H <return>  for immediate help.
 ...                                              
                                                  
l.11 ...å‹;è¿ç»­åˆ†å±‚æ¨¡å‹;éçº¿æ€§æ³¢;è¾¹ç•Œ
                                                  ç§¯åˆ†æ³•;Boussinesqæ–¹ç¨‹...

You may provide a definition with
\DeclareUnicodeCharacter 


! Package inputenc Error: Unicode character ç§¯ (U+79EF)
(inputenc)                not set up for use with LaTeX.

See the inputenc package documentation for explanation.
Type  H <return>  for immediate help.
 ...                                              
                                                  
l.11 ...;è¿ç»­åˆ†å±‚æ¨¡å‹;éçº¿æ€§æ³¢;è¾¹ç•Œç§¯
                                                  åˆ†æ³•;Boussinesqæ–¹ç¨‹;é«...

You may provide a definition with
\DeclareUnicodeCharacter 


! Package inputenc Error: Unicode character åˆ† (U+5206)
(inputenc)                not set up for use with LaTeX.

See the inputenc package documentation for explanation.
Type  H <return>  for immediate help.
 ...                                              
                                                  
l.11 ...ç»­åˆ†å±‚æ¨¡å‹;éçº¿æ€§æ³¢;è¾¹ç•Œç§¯åˆ†
                                                  æ³•;Boussinesqæ–¹ç¨‹;é«˜é˜...

You may provide a definition with
\DeclareUnicodeCharacter 


! Package inputenc Error: Unicode character æ³• (U+6CD5)
(inputenc)                not set up for use with LaTeX.

See the inputenc package documentation for explanation.
Type  H <return>  for immediate help.
 ...                                              
                                                  
l.11 ...­åˆ†å±‚æ¨¡å‹;éçº¿æ€§æ³¢;è¾¹ç•Œç§¯åˆ†æ³•
                                                  ;Boussinesqæ–¹ç¨‹;é«˜é˜¶ç®...

You may provide a definition with
\DeclareUnicodeCharacter 


! Package inputenc Error: Unicode character æ–¹ (U+65B9)
(inputenc)                not set up for use with LaTeX.

See the inputenc package documentation for explanation.
Type  H <return>  for immediate help.
 ...                                              
                                                  
l.11 ...éçº¿æ€§æ³¢;è¾¹ç•Œç§¯åˆ†æ³•;Boussinesqæ–¹
                                                  ç¨‹;é«˜é˜¶ç®—æ³•},
You may provide a definition with
\DeclareUnicodeCharacter 


! Package inputenc Error: Unicode character ç¨‹ (U+7A0B)
(inputenc)                not set up for use with LaTeX.

See the inputenc package documentation for explanation.
Type  H <return>  for immediate help.
 ...                                              
                                                  
l.11 ...çº¿æ€§æ³¢;è¾¹ç•Œç§¯åˆ†æ³•;Boussinesqæ–¹ç¨‹
                                                  ;é«˜é˜¶ç®—æ³•},
You may provide a definition with
\DeclareUnicodeCharacter 


! Package inputenc Error: Unicode character é«˜ (U+9AD8)
(inputenc)                not set up for use with LaTeX.

See the inputenc package documentation for explanation.
Type  H <return>  for immediate help.
 ...                                              
                                                  
l.11 ...€§æ³¢;è¾¹ç•Œç§¯åˆ†æ³•;Boussinesqæ–¹ç¨‹;é«˜
                                                  é˜¶ç®—æ³•},
You may provide a definition with
\DeclareUnicodeCharacter 


! Package inputenc Error: Unicode character é˜¶ (U+9636)
(inputenc)                not set up for use with LaTeX.

See the inputenc package documentation for explanation.
Type  H <return>  for immediate help.
 ...                                              
                                                  
l.11 ...³¢;è¾¹ç•Œç§¯åˆ†æ³•;Boussinesqæ–¹ç¨‹;é«˜é˜¶
                                                  ç®—æ³•},
You may provide a definition with
\DeclareUnicodeCharacter 


! Package inputenc Error: Unicode character ç®— (U+7B97)
(inputenc)                not set up for use with LaTeX.

See the inputenc package documentation for explanation.
Type  H <return>  for immediate help.
 ...                                              
                                                  
l.11 ...è¾¹ç•Œç§¯åˆ†æ³•;Boussinesqæ–¹ç¨‹;é«˜é˜¶ç®—
                                                  æ³•},
You may provide a definition with
\DeclareUnicodeCharacter 


! Package inputenc Error: Unicode character æ³• (U+6CD5)
(inputenc)                not set up for use with LaTeX.

See the inputenc package documentation for explanation.
Type  H <return>  for immediate help.
 ...                                              
                                                  
l.11 ...ç•Œç§¯åˆ†æ³•;Boussinesqæ–¹ç¨‹;é«˜é˜¶ç®—æ³•
                                                  },
You may provide a definition with
\DeclareUnicodeCharacter 

! Extra }, or forgotten $.
l.13 }
      
I've deleted a group-closing symbol because it seems to be
spurious, as in `$x}$'. But perhaps the } is legitimate and
you forgot something else, as in `\hbox{$x}'. In such cases
the way to recover is to insert both the forgotten and the
deleted material, e.g., by typing `I$}'.

)
! Emergency stop.
<*> cas-refs.bib
                
*** (job aborted, no legal \end found)

 
Here is how much of TeX's memory you used:
 57 strings out of 479303
 646 string characters out of 5867277
 271124 words of memory out of 5000000
 17350 multiletter control sequences out of 15000+600000
 403430 words of font info for 27 fonts, out of 8000000 for 9000
 1141 hyphenation exceptions out of 8191
 18i,2n,15p,146b,58s stack positions out of 5000i,500n,10000p,200000b,80000s
No pages of output.
